<?xml version="1.0" encoding="UTF-8"?>
<!-- Generated by org.testng.reporters.JUnitReportReporter -->
<testsuite hostname="CHN1-LHP-N81653" failures="0" tests="1" name="demo.LoginApp_Test" time="13.617" errors="0" timestamp="2022-04-13T15:32:14 IST" skipped="0">
  <testcase classname="demo.LoginApp_Test" name="testLogin" time="13.617"/>
  <system-out/>
</testsuite> <!-- demo.LoginApp_Test -->
